{"/Users/patea/2026/projects/universal-mfe-yarn-seed/packages/web-shell/src/App.tsx": {"path":"/Users/patea/2026/projects/universal-mfe-yarn-seed/packages/web-shell/src/App.tsx","statementMap":{"0":{"start":{"line":9,"column":0},"end":{"line":9,"column":50}},"1":{"start":{"line":10,"column":0},"end":{"line":10,"column":54}},"2":{"start":{"line":13,"column":20},"end":{"line":13,"column":72}},"3":{"start":{"line":13,"column":36},"end":{"line":13,"column":71}},"4":{"start":{"line":16,"column":38},"end":{"line":16,"column":49}},"5":{"start":{"line":18,"column":22},"end":{"line":21,"column":3}},"6":{"start":{"line":19,"column":4},"end":{"line":19,"column":38}},"7":{"start":{"line":19,"column":28},"end":{"line":19,"column":36}},"8":{"start":{"line":20,"column":4},"end":{"line":20,"column":51}},"9":{"start":{"line":23,"column":2},"end":{"line":57,"column":4}},"10":{"start":{"line":60,"column":15},"end":{"line":110,"column":2}},"11":{"start":{"line":112,"column":0},"end":{"line":112,"column":19}}},"fnMap":{"0":{"name":"(anonymous_9)","decl":{"start":{"line":13,"column":31},"end":{"line":13,"column":34}},"loc":{"start":{"line":13,"column":36},"end":{"line":13,"column":71}}},"1":{"name":"(anonymous_10)","decl":{"start":{"line":13,"column":36},"end":{"line":13,"column":44}},"loc":{"start":{"line":13,"column":36},"end":{"line":13,"column":71}}},"2":{"name":"App","decl":{"start":{"line":15,"column":9},"end":{"line":15,"column":12}},"loc":{"start":{"line":15,"column":12},"end":{"line":58,"column":1}}},"3":{"name":"(anonymous_12)","decl":{"start":{"line":18,"column":22},"end":{"line":18,"column":25}},"loc":{"start":{"line":18,"column":27},"end":{"line":21,"column":3}}},"4":{"name":"(anonymous_13)","decl":{"start":{"line":19,"column":18},"end":{"line":19,"column":19}},"loc":{"start":{"line":19,"column":28},"end":{"line":19,"column":36}}}},"branchMap":{"0":{"loc":{"start":{"line":48,"column":9},"end":{"line":53,"column":null}},"type":"binary-expr","locations":[{"start":{"line":48,"column":9},"end":{"line":48,"column":23}},{"start":{"line":49,"column":10},"end":{"line":52,"column":null}}]},"1":{"loc":{"start":{"line":51,"column":47},"end":{"line":51,"column":74}},"type":"cond-expr","locations":[{"start":{"line":51,"column":66},"end":{"line":51,"column":69}},{"start":{"line":51,"column":72},"end":{"line":51,"column":74}}]}},"s":{"0":1,"1":1,"2":1,"3":0,"4":3,"5":3,"6":0,"7":0,"8":0,"9":3,"10":1,"11":1},"f":{"0":0,"1":0,"2":3,"3":0,"4":0},"b":{"0":[3,0],"1":[0,0]}}
,"/Users/patea/2026/projects/universal-mfe-yarn-seed/packages/web-shell/src/plugins/index.ts": {"path":"/Users/patea/2026/projects/universal-mfe-yarn-seed/packages/web-shell/src/plugins/index.ts","statementMap":{"0":{"start":{"line":7,"column":0},"end":{"line":7,"column":9}},"1":{"start":{"line":7,"column":9},"end":{"line":7,"column":51}}},"fnMap":{"0":{"name":"(anonymous_0)","decl":{"start":{"line":7,"column":9},"end":{"line":7,"column":28}},"loc":{"start":{"line":7,"column":9},"end":{"line":7,"column":51}}}},"branchMap":{},"s":{"0":0,"1":0},"f":{"0":0},"b":{}}
,"/Users/patea/2026/projects/universal-mfe-yarn-seed/packages/web-shell/src/plugins/mf-logging.ts": {"path":"/Users/patea/2026/projects/universal-mfe-yarn-seed/packages/web-shell/src/plugins/mf-logging.ts","statementMap":{"0":{"start":{"line":25,"column":0},"end":{"line":25,"column":16}},"1":{"start":{"line":18,"column":19},"end":{"line":23,"column":11}},"2":{"start":{"line":32,"column":6},"end":{"line":32,"column":13}},"3":{"start":{"line":34,"column":20},"end":{"line":37,"column":3}},"4":{"start":{"line":35,"column":4},"end":{"line":35,"column":31}},"5":{"start":{"line":35,"column":18},"end":{"line":35,"column":31}},"6":{"start":{"line":36,"column":4},"end":{"line":36,"column":53}},"7":{"start":{"line":39,"column":14},"end":{"line":56,"column":3}},"8":{"start":{"line":44,"column":4},"end":{"line":44,"column":34}},"9":{"start":{"line":44,"column":27},"end":{"line":44,"column":34}},"10":{"start":{"line":46,"column":22},"end":{"line":46,"column":78}},"11":{"start":{"line":47,"column":19},"end":{"line":47,"column":60}},"12":{"start":{"line":49,"column":22},"end":{"line":49,"column":51}},"13":{"start":{"line":51,"column":4},"end":{"line":55,"column":5}},"14":{"start":{"line":52,"column":6},"end":{"line":52,"column":39}},"15":{"start":{"line":54,"column":6},"end":{"line":54,"column":33}},"16":{"start":{"line":58,"column":2},"end":{"line":115,"column":4}},"17":{"start":{"line":59,"column":4},"end":{"line":114,"column":6}},"18":{"start":{"line":63,"column":8},"end":{"line":63,"column":55}},"19":{"start":{"line":64,"column":8},"end":{"line":64,"column":20}},"20":{"start":{"line":68,"column":8},"end":{"line":70,"column":11}},"21":{"start":{"line":71,"column":8},"end":{"line":71,"column":20}},"22":{"start":{"line":75,"column":8},"end":{"line":77,"column":11}},"23":{"start":{"line":78,"column":8},"end":{"line":78,"column":20}},"24":{"start":{"line":82,"column":8},"end":{"line":84,"column":11}},"25":{"start":{"line":85,"column":8},"end":{"line":85,"column":20}},"26":{"start":{"line":89,"column":8},"end":{"line":92,"column":11}},"27":{"start":{"line":93,"column":8},"end":{"line":93,"column":20}},"28":{"start":{"line":97,"column":8},"end":{"line":99,"column":11}},"29":{"start":{"line":100,"column":8},"end":{"line":100,"column":25}},"30":{"start":{"line":105,"column":24},"end":{"line":105,"column":68}},"31":{"start":{"line":106,"column":8},"end":{"line":106,"column":51}},"32":{"start":{"line":110,"column":24},"end":{"line":110,"column":68}},"33":{"start":{"line":111,"column":8},"end":{"line":111,"column":58}},"34":{"start":{"line":112,"column":8},"end":{"line":112,"column":20}}},"fnMap":{"0":{"name":"createLoggingPlugin","decl":{"start":{"line":25,"column":16},"end":{"line":25,"column":35}},"loc":{"start":{"line":26,"column":30},"end":{"line":116,"column":1}}},"1":{"name":"(anonymous_1)","decl":{"start":{"line":34,"column":20},"end":{"line":34,"column":21}},"loc":{"start":{"line":34,"column":64},"end":{"line":37,"column":3}}},"2":{"name":"(anonymous_2)","decl":{"start":{"line":39,"column":14},"end":{"line":39,"column":null}},"loc":{"start":{"line":43,"column":12},"end":{"line":56,"column":3}}},"3":{"name":"loggingPlugin","decl":{"start":{"line":58,"column":18},"end":{"line":58,"column":31}},"loc":{"start":{"line":58,"column":31},"end":{"line":115,"column":3}}},"4":{"name":"(anonymous_4)","decl":{"start":{"line":62,"column":6},"end":{"line":62,"column":16}},"loc":{"start":{"line":62,"column":21},"end":{"line":65,"column":7}}},"5":{"name":"(anonymous_5)","decl":{"start":{"line":67,"column":6},"end":{"line":67,"column":10}},"loc":{"start":{"line":67,"column":15},"end":{"line":72,"column":7}}},"6":{"name":"(anonymous_6)","decl":{"start":{"line":74,"column":6},"end":{"line":74,"column":19}},"loc":{"start":{"line":74,"column":24},"end":{"line":79,"column":7}}},"7":{"name":"(anonymous_7)","decl":{"start":{"line":81,"column":6},"end":{"line":81,"column":18}},"loc":{"start":{"line":81,"column":23},"end":{"line":86,"column":7}}},"8":{"name":"(anonymous_8)","decl":{"start":{"line":88,"column":6},"end":{"line":88,"column":12}},"loc":{"start":{"line":88,"column":17},"end":{"line":94,"column":7}}},"9":{"name":"(anonymous_9)","decl":{"start":{"line":96,"column":6},"end":{"line":96,"column":11}},"loc":{"start":{"line":96,"column":32},"end":{"line":101,"column":7}}},"10":{"name":"(anonymous_10)","decl":{"start":{"line":103,"column":6},"end":{"line":103,"column":11}},"loc":{"start":{"line":103,"column":26},"end":{"line":107,"column":7}}},"11":{"name":"(anonymous_11)","decl":{"start":{"line":109,"column":6},"end":{"line":109,"column":11}},"loc":{"start":{"line":109,"column":32},"end":{"line":113,"column":7}}}},"branchMap":{"0":{"loc":{"start":{"line":26,"column":2},"end":{"line":26,"column":30}},"type":"default-arg","locations":[{"start":{"line":26,"column":28},"end":{"line":26,"column":30}}]},"1":{"loc":{"start":{"line":29,"column":4},"end":{"line":29,"column":52}},"type":"default-arg","locations":[{"start":{"line":29,"column":14},"end":{"line":29,"column":52}}]},"2":{"loc":{"start":{"line":30,"column":4},"end":{"line":30,"column":21}},"type":"default-arg","locations":[{"start":{"line":30,"column":15},"end":{"line":30,"column":21}}]},"3":{"loc":{"start":{"line":31,"column":4},"end":{"line":31,"column":28}},"type":"default-arg","locations":[{"start":{"line":31,"column":24},"end":{"line":31,"column":28}}]},"4":{"loc":{"start":{"line":35,"column":4},"end":{"line":35,"column":31}},"type":"if","locations":[{"start":{"line":35,"column":4},"end":{"line":35,"column":31}}]},"5":{"loc":{"start":{"line":44,"column":4},"end":{"line":44,"column":34}},"type":"if","locations":[{"start":{"line":44,"column":4},"end":{"line":44,"column":34}}]},"6":{"loc":{"start":{"line":46,"column":22},"end":{"line":46,"column":78}},"type":"cond-expr","locations":[{"start":{"line":46,"column":42},"end":{"line":46,"column":73}},{"start":{"line":46,"column":76},"end":{"line":46,"column":78}}]},"7":{"loc":{"start":{"line":49,"column":22},"end":{"line":49,"column":51}},"type":"binary-expr","locations":[{"start":{"line":49,"column":22},"end":{"line":49,"column":36}},{"start":{"line":49,"column":40},"end":{"line":49,"column":51}}]},"8":{"loc":{"start":{"line":51,"column":4},"end":{"line":55,"column":5}},"type":"if","locations":[{"start":{"line":51,"column":4},"end":{"line":55,"column":5}},{"start":{"line":53,"column":11},"end":{"line":55,"column":5}}]},"9":{"loc":{"start":{"line":105,"column":24},"end":{"line":105,"column":68}},"type":"cond-expr","locations":[{"start":{"line":105,"column":44},"end":{"line":105,"column":56}},{"start":{"line":105,"column":59},"end":{"line":105,"column":68}}]},"10":{"loc":{"start":{"line":110,"column":24},"end":{"line":110,"column":68}},"type":"cond-expr","locations":[{"start":{"line":110,"column":44},"end":{"line":110,"column":56}},{"start":{"line":110,"column":59},"end":{"line":110,"column":68}}]}},"s":{"0":0,"1":0,"2":0,"3":0,"4":0,"5":0,"6":0,"7":0,"8":0,"9":0,"10":0,"11":0,"12":0,"13":0,"14":0,"15":0,"16":0,"17":0,"18":0,"19":0,"20":0,"21":0,"22":0,"23":0,"24":0,"25":0,"26":0,"27":0,"28":0,"29":0,"30":0,"31":0,"32":0,"33":0,"34":0},"f":{"0":0,"1":0,"2":0,"3":0,"4":0,"5":0,"6":0,"7":0,"8":0,"9":0,"10":0,"11":0},"b":{"0":[0],"1":[0],"2":[0],"3":[0],"4":[0],"5":[0],"6":[0,0],"7":[0,0],"8":[0,0],"9":[0,0],"10":[0,0]}}
}
