TN:
SF:src/App.tsx
FN:13,(anonymous_9)
FN:13,(anonymous_10)
FN:15,App
FN:18,(anonymous_12)
FN:19,(anonymous_13)
FNF:5
FNH:1
FNDA:0,(anonymous_9)
FNDA:0,(anonymous_10)
FNDA:3,App
FNDA:0,(anonymous_12)
FNDA:0,(anonymous_13)
DA:9,1
DA:10,1
DA:13,1
DA:16,3
DA:18,3
DA:19,0
DA:20,0
DA:23,3
DA:60,1
DA:112,1
LF:10
LH:8
BRDA:48,0,0,3
BRDA:48,0,1,0
BRDA:51,1,0,0
BRDA:51,1,1,0
BRF:4
BRH:1
end_of_record
TN:
SF:src/plugins/index.ts
FN:7,(anonymous_0)
FNF:1
FNH:0
FNDA:0,(anonymous_0)
DA:7,0
LF:1
LH:0
BRF:0
BRH:0
end_of_record
TN:
SF:src/plugins/mf-logging.ts
FN:25,createLoggingPlugin
FN:34,(anonymous_1)
FN:39,(anonymous_2)
FN:58,loggingPlugin
FN:62,(anonymous_4)
FN:67,(anonymous_5)
FN:74,(anonymous_6)
FN:81,(anonymous_7)
FN:88,(anonymous_8)
FN:96,(anonymous_9)
FN:103,(anonymous_10)
FN:109,(anonymous_11)
FNF:12
FNH:0
FNDA:0,createLoggingPlugin
FNDA:0,(anonymous_1)
FNDA:0,(anonymous_2)
FNDA:0,loggingPlugin
FNDA:0,(anonymous_4)
FNDA:0,(anonymous_5)
FNDA:0,(anonymous_6)
FNDA:0,(anonymous_7)
FNDA:0,(anonymous_8)
FNDA:0,(anonymous_9)
FNDA:0,(anonymous_10)
FNDA:0,(anonymous_11)
DA:18,0
DA:25,0
DA:32,0
DA:34,0
DA:35,0
DA:36,0
DA:39,0
DA:44,0
DA:46,0
DA:47,0
DA:49,0
DA:51,0
DA:52,0
DA:54,0
DA:58,0
DA:59,0
DA:63,0
DA:64,0
DA:68,0
DA:71,0
DA:75,0
DA:78,0
DA:82,0
DA:85,0
DA:89,0
DA:93,0
DA:97,0
DA:100,0
DA:105,0
DA:106,0
DA:110,0
DA:111,0
DA:112,0
LF:33
LH:0
BRDA:26,0,0,0
BRDA:29,1,0,0
BRDA:30,2,0,0
BRDA:31,3,0,0
BRDA:35,4,0,0
BRDA:44,5,0,0
BRDA:46,6,0,0
BRDA:46,6,1,0
BRDA:49,7,0,0
BRDA:49,7,1,0
BRDA:51,8,0,0
BRDA:51,8,1,0
BRDA:105,9,0,0
BRDA:105,9,1,0
BRDA:110,10,0,0
BRDA:110,10,1,0
BRF:16
BRH:0
end_of_record
