{"/Users/patea/2026/projects/universal-mfe-yarn-seed/packages/web-remote-hello/src/HelloRemote.tsx": {"path":"/Users/patea/2026/projects/universal-mfe-yarn-seed/packages/web-remote-hello/src/HelloRemote.tsx","statementMap":{"0":{"start":{"line":21,"column":0},"end":{"line":21,"column":24}},"1":{"start":{"line":11,"column":0},"end":{"line":11,"column":60}},"2":{"start":{"line":22,"column":2},"end":{"line":22,"column":58}}},"fnMap":{"0":{"name":"HelloRemote","decl":{"start":{"line":21,"column":24},"end":{"line":21,"column":35}},"loc":{"start":{"line":21,"column":71},"end":{"line":23,"column":1}}}},"branchMap":{},"s":{"0":1,"1":1,"2":3},"f":{"0":3},"b":{}}
,"/Users/patea/2026/projects/universal-mfe-yarn-seed/packages/web-remote-hello/src/index.ts": {"path":"/Users/patea/2026/projects/universal-mfe-yarn-seed/packages/web-remote-hello/src/index.ts","statementMap":{"0":{"start":{"line":9,"column":0},"end":{"line":9,"column":9}},"1":{"start":{"line":9,"column":9},"end":{"line":9,"column":31}}},"fnMap":{"0":{"name":"(anonymous_1)","decl":{"start":{"line":9,"column":9},"end":{"line":9,"column":16}},"loc":{"start":{"line":9,"column":9},"end":{"line":9,"column":31}}}},"branchMap":{},"s":{"0":0,"1":0},"f":{"0":0},"b":{}}
,"/Users/patea/2026/projects/universal-mfe-yarn-seed/packages/web-remote-hello/src/standalone.tsx": {"path":"/Users/patea/2026/projects/universal-mfe-yarn-seed/packages/web-remote-hello/src/standalone.tsx","statementMap":{"0":{"start":{"line":8,"column":0},"end":{"line":8,"column":26}},"1":{"start":{"line":9,"column":0},"end":{"line":9,"column":46}},"2":{"start":{"line":10,"column":0},"end":{"line":10,"column":40}},"3":{"start":{"line":12,"column":18},"end":{"line":12,"column":49}},"4":{"start":{"line":13,"column":0},"end":{"line":15,"column":1}},"5":{"start":{"line":14,"column":2},"end":{"line":14,"column":44}},"6":{"start":{"line":17,"column":13},"end":{"line":17,"column":34}},"7":{"start":{"line":18,"column":0},"end":{"line":22,"column":2}}},"fnMap":{},"branchMap":{"0":{"loc":{"start":{"line":13,"column":0},"end":{"line":15,"column":1}},"type":"if","locations":[{"start":{"line":13,"column":0},"end":{"line":15,"column":1}}]}},"s":{"0":0,"1":0,"2":0,"3":0,"4":0,"5":0,"6":0,"7":0},"f":{},"b":{"0":[0]}}
}
