{"/Users/patea/2026/projects/universal-mfe-yarn-seed/packages/shared-utils/src/index.ts": {"path":"/Users/patea/2026/projects/universal-mfe-yarn-seed/packages/shared-utils/src/index.ts","statementMap":{"0":{"start":{"line":17,"column":0},"end":{"line":17,"column":16}},"1":{"start":{"line":24,"column":0},"end":{"line":24,"column":16}},"2":{"start":{"line":18,"column":2},"end":{"line":18,"column":27}},"3":{"start":{"line":25,"column":2},"end":{"line":25,"column":52}}},"fnMap":{"0":{"name":"getGreeting","decl":{"start":{"line":17,"column":16},"end":{"line":17,"column":27}},"loc":{"start":{"line":17,"column":50},"end":{"line":19,"column":1}}},"1":{"name":"formatMessage","decl":{"start":{"line":24,"column":16},"end":{"line":24,"column":29}},"loc":{"start":{"line":24,"column":62},"end":{"line":26,"column":1}}}},"branchMap":{"0":{"loc":{"start":{"line":17,"column":28},"end":{"line":17,"column":50}},"type":"default-arg","locations":[{"start":{"line":17,"column":43},"end":{"line":17,"column":50}}]},"1":{"loc":{"start":{"line":25,"column":9},"end":{"line":25,"column":51}},"type":"cond-expr","locations":[{"start":{"line":25,"column":18},"end":{"line":25,"column":41}},{"start":{"line":25,"column":44},"end":{"line":25,"column":51}}]}},"s":{"0":1,"1":1,"2":3,"3":3},"f":{"0":3,"1":3},"b":{"0":[1],"1":[2,1]}}
}
