<?xml version="1.0" encoding="UTF-8"?>
<coverage generated="1764828468713" clover="3.2.0">
  <project timestamp="1764828468713" name="All files">
    <metrics statements="3" coveredstatements="3" conditionals="0" coveredconditionals="0" methods="1" coveredmethods="1" elements="4" coveredelements="4" complexity="0" loc="3" ncloc="3" packages="1" files="1" classes="1"/>
    <file name="HelloRemote.tsx" path="/Users/patea/2026/projects/universal-mfe-yarn-seed/packages/mobile-remote-hello/src/HelloRemote.tsx">
      <metrics statements="3" coveredstatements="3" conditionals="0" coveredconditionals="0" methods="1" coveredmethods="1"/>
      <line num="11" count="1" type="stmt"/>
      <line num="21" count="1" type="stmt"/>
      <line num="22" count="3" type="stmt"/>
    </file>
  </project>
</coverage>
