{"/Users/patea/2026/projects/universal-mfe-yarn-seed/packages/mobile-remote-hello/src/HelloRemote.tsx": {"path":"/Users/patea/2026/projects/universal-mfe-yarn-seed/packages/mobile-remote-hello/src/HelloRemote.tsx","statementMap":{"0":{"start":{"line":21,"column":0},"end":{"line":21,"column":24}},"1":{"start":{"line":11,"column":0},"end":{"line":11,"column":60}},"2":{"start":{"line":22,"column":2},"end":{"line":27,"column":4}}},"fnMap":{"0":{"name":"HelloRemote","decl":{"start":{"line":21,"column":24},"end":{"line":21,"column":35}},"loc":{"start":{"line":21,"column":71},"end":{"line":28,"column":1}}}},"branchMap":{},"s":{"0":1,"1":1,"2":3},"f":{"0":3},"b":{}}
}
