<?xml version="1.0" encoding="UTF-8"?>
<coverage generated="1764828478374" clover="3.2.0">
  <project timestamp="1764828478375" name="All files">
    <metrics statements="7" coveredstatements="6" conditionals="2" coveredconditionals="2" methods="2" coveredmethods="1" elements="11" coveredelements="9" complexity="0" loc="7" ncloc="7" packages="1" files="2" classes="2"/>
    <file name="HelloUniversal.tsx" path="/Users/patea/2026/projects/universal-mfe-yarn-seed/packages/shared-hello-ui/src/HelloUniversal.tsx">
      <metrics statements="6" coveredstatements="6" conditionals="2" coveredconditionals="2" methods="1" coveredmethods="1"/>
      <line num="15" count="1" type="stmt"/>
      <line num="16" count="1" type="stmt"/>
      <line num="32" count="1" type="stmt"/>
      <line num="33" count="5" type="stmt"/>
      <line num="35" count="5" type="stmt"/>
      <line num="47" count="1" type="stmt"/>
    </file>
    <file name="index.ts" path="/Users/patea/2026/projects/universal-mfe-yarn-seed/packages/shared-hello-ui/src/index.ts">
      <metrics statements="1" coveredstatements="0" conditionals="0" coveredconditionals="0" methods="1" coveredmethods="0"/>
      <line num="7" count="0" type="stmt"/>
    </file>
  </project>
</coverage>
