{"/Users/patea/2026/projects/universal-mfe-yarn-seed/packages/shared-hello-ui/src/HelloUniversal.tsx": {"path":"/Users/patea/2026/projects/universal-mfe-yarn-seed/packages/shared-hello-ui/src/HelloUniversal.tsx","statementMap":{"0":{"start":{"line":32,"column":0},"end":{"line":32,"column":16}},"1":{"start":{"line":15,"column":0},"end":{"line":15,"column":65}},"2":{"start":{"line":16,"column":0},"end":{"line":16,"column":54}},"3":{"start":{"line":33,"column":19},"end":{"line":33,"column":36}},"4":{"start":{"line":35,"column":2},"end":{"line":44,"column":4}},"5":{"start":{"line":47,"column":15},"end":{"line":69,"column":2}}},"fnMap":{"0":{"name":"HelloUniversal","decl":{"start":{"line":32,"column":16},"end":{"line":32,"column":30}},"loc":{"start":{"line":32,"column":69},"end":{"line":45,"column":1}}}},"branchMap":{"0":{"loc":{"start":{"line":38,"column":7},"end":{"line":41,"column":null}},"type":"binary-expr","locations":[{"start":{"line":38,"column":7},"end":{"line":38,"column":14}},{"start":{"line":39,"column":8},"end":{"line":40,"column":null}}]}},"s":{"0":1,"1":1,"2":1,"3":5,"4":5,"5":1},"f":{"0":5},"b":{"0":[5,2]}}
,"/Users/patea/2026/projects/universal-mfe-yarn-seed/packages/shared-hello-ui/src/index.ts": {"path":"/Users/patea/2026/projects/universal-mfe-yarn-seed/packages/shared-hello-ui/src/index.ts","statementMap":{"0":{"start":{"line":7,"column":0},"end":{"line":7,"column":9}},"1":{"start":{"line":7,"column":9},"end":{"line":7,"column":50}}},"fnMap":{"0":{"name":"(anonymous_0)","decl":{"start":{"line":7,"column":9},"end":{"line":7,"column":23}},"loc":{"start":{"line":7,"column":9},"end":{"line":7,"column":50}}}},"branchMap":{},"s":{"0":0,"1":0},"f":{"0":0},"b":{}}
}
