<?xml version="1.0" encoding="UTF-8"?>
<coverage generated="1764846972953" clover="3.2.0">
  <project timestamp="1764846972953" name="All files">
    <metrics statements="98" coveredstatements="92" conditionals="20" coveredconditionals="17" methods="28" coveredmethods="23" elements="146" coveredelements="132" complexity="0" loc="98" ncloc="98" packages="1" files="4" classes="4"/>
    <file name="authService.ts" path="/Users/patea/2026/projects/universal-mfe-yarn-seed/packages/shared-auth-store/src/authService.ts">
      <metrics statements="26" coveredstatements="26" conditionals="6" coveredconditionals="5" methods="6" coveredmethods="6"/>
      <line num="16" count="3" type="stmt"/>
      <line num="22" count="3" type="stmt"/>
      <line num="57" count="45" type="stmt"/>
      <line num="64" count="16" type="stmt"/>
      <line num="65" count="16" type="cond" truecount="1" falsecount="0"/>
      <line num="66" count="3" type="stmt"/>
      <line num="68" count="13" type="cond" truecount="1" falsecount="0"/>
      <line num="69" count="2" type="stmt"/>
      <line num="71" count="11" type="stmt"/>
      <line num="82" count="3" type="stmt"/>
      <line num="84" count="25" type="stmt"/>
      <line num="87" count="25" type="stmt"/>
      <line num="89" count="25" type="cond" truecount="1" falsecount="0"/>
      <line num="90" count="4" type="stmt"/>
      <line num="93" count="21" type="cond" truecount="1" falsecount="0"/>
      <line num="94" count="1" type="stmt"/>
      <line num="98" count="20" type="stmt"/>
      <line num="109" count="3" type="stmt"/>
      <line num="111" count="18" type="stmt"/>
      <line num="114" count="18" type="cond" truecount="1" falsecount="0"/>
      <line num="115" count="2" type="stmt"/>
      <line num="119" count="16" type="stmt"/>
      <line num="127" count="16" type="stmt"/>
      <line num="133" count="16" type="stmt"/>
      <line num="141" count="3" type="stmt"/>
      <line num="143" count="2" type="stmt"/>
    </file>
    <file name="index.ts" path="/Users/patea/2026/projects/universal-mfe-yarn-seed/packages/shared-auth-store/src/index.ts">
      <metrics statements="9" coveredstatements="9" conditionals="1" coveredconditionals="1" methods="7" coveredmethods="3"/>
      <line num="32" count="1" type="stmt"/>
      <line num="46" count="28" type="stmt"/>
      <line num="71" count="1" type="stmt"/>
      <line num="72" count="6" type="stmt"/>
      <line num="95" count="1" type="stmt"/>
      <line num="99" count="7" type="cond" truecount="1" falsecount="0"/>
      <line num="100" count="1" type="stmt"/>
      <line num="102" count="6" type="stmt"/>
      <line num="123" count="1" type="stmt"/>
    </file>
    <file name="store.ts" path="/Users/patea/2026/projects/universal-mfe-yarn-seed/packages/shared-auth-store/src/store.ts">
      <metrics statements="59" coveredstatements="53" conditionals="11" coveredconditionals="9" methods="14" coveredmethods="13"/>
      <line num="13" count="2" type="stmt"/>
      <line num="14" count="2" type="stmt"/>
      <line num="16" count="2" type="stmt"/>
      <line num="21" count="2" type="stmt"/>
      <line num="47" count="2" type="stmt"/>
      <line num="48" count="2" type="stmt"/>
      <line num="49" count="2" type="cond" truecount="2" falsecount="0"/>
      <line num="51" count="0" type="stmt"/>
      <line num="52" count="0" type="stmt"/>
      <line num="60" count="85" type="stmt"/>
      <line num="61" count="85" type="cond" truecount="2" falsecount="0"/>
      <line num="62" count="23" type="stmt"/>
      <line num="64" count="62" type="stmt"/>
      <line num="67" count="0" type="stmt"/>
      <line num="74" count="2" type="stmt"/>
      <line num="83" count="30" type="stmt"/>
      <line num="88" count="2" type="stmt"/>
      <line num="93" count="27" type="stmt"/>
      <line num="98" count="18" type="stmt"/>
      <line num="101" count="18" type="stmt"/>
      <line num="102" count="18" type="stmt"/>
      <line num="104" count="18" type="stmt"/>
      <line num="106" count="18" type="stmt"/>
      <line num="109" count="16" type="stmt"/>
      <line num="117" count="16" type="stmt"/>
      <line num="119" count="2" type="cond" truecount="1" falsecount="1"/>
      <line num="120" count="2" type="stmt"/>
      <line num="124" count="2" type="stmt"/>
      <line num="130" count="62" type="stmt"/>
      <line num="136" count="62" type="stmt"/>
      <line num="137" count="0" type="stmt"/>
      <line num="143" count="8" type="stmt"/>
      <line num="146" count="8" type="stmt"/>
      <line num="147" count="8" type="stmt"/>
      <line num="149" count="8" type="stmt"/>
      <line num="151" count="8" type="stmt"/>
      <line num="154" count="7" type="stmt"/>
      <line num="162" count="7" type="stmt"/>
      <line num="164" count="1" type="cond" truecount="1" falsecount="1"/>
      <line num="165" count="1" type="stmt"/>
      <line num="169" count="1" type="stmt"/>
      <line num="175" count="3" type="stmt"/>
      <line num="176" count="3" type="stmt"/>
      <line num="181" count="3" type="stmt"/>
      <line num="182" count="3" type="cond" truecount="1" falsecount="0"/>
      <line num="183" count="1" type="stmt"/>
      <line num="185" count="2" type="stmt"/>
      <line num="190" count="2" type="stmt"/>
      <line num="191" count="2" type="stmt"/>
      <line num="193" count="2" type="stmt"/>
      <line num="194" count="2" type="stmt"/>
      <line num="196" count="2" type="cond" truecount="2" falsecount="0"/>
      <line num="197" count="1" type="stmt"/>
      <line num="203" count="1" type="stmt"/>
      <line num="208" count="0" type="stmt"/>
      <line num="209" count="0" type="stmt"/>
      <line num="217" count="28" type="stmt"/>
      <line num="218" count="28" type="stmt"/>
      <line num="219" count="28" type="stmt"/>
    </file>
    <file name="types.ts" path="/Users/patea/2026/projects/universal-mfe-yarn-seed/packages/shared-auth-store/src/types.ts">
      <metrics statements="4" coveredstatements="4" conditionals="2" coveredconditionals="2" methods="1" coveredmethods="1"/>
      <line num="10" count="3" type="cond" truecount="2" falsecount="0"/>
      <line num="11" count="3" type="stmt"/>
      <line num="12" count="3" type="stmt"/>
      <line num="13" count="3" type="stmt"/>
    </file>
  </project>
</coverage>
