{"/Users/patea/2026/projects/universal-mfe-yarn-seed/packages/shared-auth-store/src/authService.ts": {"path":"/Users/patea/2026/projects/universal-mfe-yarn-seed/packages/shared-auth-store/src/authService.ts","statementMap":{"0":{"start":{"line":82,"column":0},"end":{"line":82,"column":7}},"1":{"start":{"line":109,"column":0},"end":{"line":109,"column":7}},"2":{"start":{"line":141,"column":0},"end":{"line":141,"column":7}},"3":{"start":{"line":16,"column":0},"end":{"line":16,"column":41}},"4":{"start":{"line":22,"column":65},"end":{"line":51,"column":2}},"5":{"start":{"line":57,"column":2},"end":{"line":57,"column":59}},"6":{"start":{"line":57,"column":34},"end":{"line":57,"column":57}},"7":{"start":{"line":64,"column":21},"end":{"line":64,"column":40}},"8":{"start":{"line":65,"column":2},"end":{"line":67,"column":3}},"9":{"start":{"line":66,"column":4},"end":{"line":66,"column":26}},"10":{"start":{"line":68,"column":2},"end":{"line":70,"column":3}},"11":{"start":{"line":69,"column":4},"end":{"line":69,"column":27}},"12":{"start":{"line":71,"column":2},"end":{"line":71,"column":27}},"13":{"start":{"line":84,"column":2},"end":{"line":84,"column":19}},"14":{"start":{"line":87,"column":19},"end":{"line":87,"column":39}},"15":{"start":{"line":89,"column":2},"end":{"line":91,"column":3}},"16":{"start":{"line":90,"column":4},"end":{"line":90,"column":49}},"17":{"start":{"line":93,"column":2},"end":{"line":95,"column":3}},"18":{"start":{"line":94,"column":4},"end":{"line":94,"column":49}},"19":{"start":{"line":98,"column":2},"end":{"line":98,"column":23}},"20":{"start":{"line":111,"column":2},"end":{"line":111,"column":19}},"21":{"start":{"line":114,"column":2},"end":{"line":116,"column":3}},"22":{"start":{"line":115,"column":4},"end":{"line":115,"column":48}},"23":{"start":{"line":119,"column":24},"end":{"line":124,"column":4}},"24":{"start":{"line":127,"column":2},"end":{"line":130,"column":5}},"25":{"start":{"line":133,"column":2},"end":{"line":133,"column":17}},"26":{"start":{"line":143,"column":2},"end":{"line":143,"column":19}}},"fnMap":{"0":{"name":"delay","decl":{"start":{"line":56,"column":9},"end":{"line":56,"column":14}},"loc":{"start":{"line":56,"column":31},"end":{"line":58,"column":1}}},"1":{"name":"(anonymous_1)","decl":{"start":{"line":57,"column":21},"end":{"line":57,"column":22}},"loc":{"start":{"line":57,"column":34},"end":{"line":57,"column":57}}},"2":{"name":"determineRole","decl":{"start":{"line":63,"column":9},"end":{"line":63,"column":22}},"loc":{"start":{"line":63,"column":36},"end":{"line":72,"column":1}}},"3":{"name":"mockLogin","decl":{"start":{"line":82,"column":22},"end":{"line":82,"column":31}},"loc":{"start":{"line":82,"column":63},"end":{"line":99,"column":1}}},"4":{"name":"mockSignup","decl":{"start":{"line":109,"column":22},"end":{"line":109,"column":32}},"loc":{"start":{"line":109,"column":64},"end":{"line":134,"column":1}}},"5":{"name":"mockLogout","decl":{"start":{"line":141,"column":22},"end":{"line":141,"column":32}},"loc":{"start":{"line":141,"column":32},"end":{"line":145,"column":1}}}},"branchMap":{"0":{"loc":{"start":{"line":56,"column":15},"end":{"line":56,"column":31}},"type":"default-arg","locations":[{"start":{"line":56,"column":28},"end":{"line":56,"column":31}}]},"1":{"loc":{"start":{"line":65,"column":2},"end":{"line":67,"column":3}},"type":"if","locations":[{"start":{"line":65,"column":2},"end":{"line":67,"column":3}}]},"2":{"loc":{"start":{"line":68,"column":2},"end":{"line":70,"column":3}},"type":"if","locations":[{"start":{"line":68,"column":2},"end":{"line":70,"column":3}}]},"3":{"loc":{"start":{"line":89,"column":2},"end":{"line":91,"column":3}},"type":"if","locations":[{"start":{"line":89,"column":2},"end":{"line":91,"column":3}}]},"4":{"loc":{"start":{"line":93,"column":2},"end":{"line":95,"column":3}},"type":"if","locations":[{"start":{"line":93,"column":2},"end":{"line":95,"column":3}}]},"5":{"loc":{"start":{"line":114,"column":2},"end":{"line":116,"column":3}},"type":"if","locations":[{"start":{"line":114,"column":2},"end":{"line":116,"column":3}}]}},"s":{"0":3,"1":3,"2":3,"3":3,"4":3,"5":45,"6":45,"7":16,"8":16,"9":3,"10":13,"11":2,"12":11,"13":25,"14":25,"15":25,"16":4,"17":21,"18":1,"19":20,"20":18,"21":18,"22":2,"23":16,"24":16,"25":16,"26":2},"f":{"0":45,"1":45,"2":16,"3":25,"4":18,"5":2},"b":{"0":[0],"1":[3],"2":[2],"3":[4],"4":[1],"5":[2]}}
,"/Users/patea/2026/projects/universal-mfe-yarn-seed/packages/shared-auth-store/src/index.ts": {"path":"/Users/patea/2026/projects/universal-mfe-yarn-seed/packages/shared-auth-store/src/index.ts","statementMap":{"0":{"start":{"line":71,"column":0},"end":{"line":71,"column":16}},"1":{"start":{"line":95,"column":0},"end":{"line":95,"column":16}},"2":{"start":{"line":32,"column":0},"end":{"line":32,"column":9}},"3":{"start":{"line":32,"column":9},"end":{"line":32,"column":39}},"4":{"start":{"line":46,"column":0},"end":{"line":46,"column":9}},"5":{"start":{"line":46,"column":9},"end":{"line":46,"column":35}},"6":{"start":{"line":72,"column":2},"end":{"line":72,"column":29}},"7":{"start":{"line":99,"column":2},"end":{"line":101,"column":3}},"8":{"start":{"line":100,"column":4},"end":{"line":100,"column":17}},"9":{"start":{"line":102,"column":2},"end":{"line":102,"column":35}},"10":{"start":{"line":123,"column":0},"end":{"line":123,"column":9}},"11":{"start":{"line":123,"column":9},"end":{"line":123,"column":20}},"12":{"start":{"line":123,"column":20},"end":{"line":123,"column":32}},"13":{"start":{"line":123,"column":32},"end":{"line":123,"column":66}}},"fnMap":{"0":{"name":"(anonymous_0)","decl":{"start":{"line":32,"column":9},"end":{"line":32,"column":21}},"loc":{"start":{"line":32,"column":9},"end":{"line":32,"column":39}}},"1":{"name":"(anonymous_1)","decl":{"start":{"line":46,"column":9},"end":{"line":46,"column":17}},"loc":{"start":{"line":46,"column":9},"end":{"line":46,"column":35}}},"2":{"name":"hasRole","decl":{"start":{"line":71,"column":16},"end":{"line":71,"column":23}},"loc":{"start":{"line":71,"column":107},"end":{"line":73,"column":1}}},"3":{"name":"hasAnyRole","decl":{"start":{"line":95,"column":16},"end":{"line":95,"column":26}},"loc":{"start":{"line":97,"column":37},"end":{"line":103,"column":1}}},"4":{"name":"(anonymous_4)","decl":{"start":{"line":123,"column":9},"end":{"line":123,"column":18}},"loc":{"start":{"line":123,"column":9},"end":{"line":123,"column":20}}},"5":{"name":"(anonymous_5)","decl":{"start":{"line":123,"column":20},"end":{"line":123,"column":30}},"loc":{"start":{"line":123,"column":20},"end":{"line":123,"column":32}}},"6":{"name":"(anonymous_6)","decl":{"start":{"line":123,"column":32},"end":{"line":123,"column":42}},"loc":{"start":{"line":123,"column":32},"end":{"line":123,"column":66}}}},"branchMap":{"0":{"loc":{"start":{"line":99,"column":2},"end":{"line":101,"column":3}},"type":"if","locations":[{"start":{"line":99,"column":2},"end":{"line":101,"column":3}}]}},"s":{"0":1,"1":1,"2":1,"3":1,"4":1,"5":28,"6":6,"7":7,"8":1,"9":6,"10":1,"11":1,"12":1,"13":1},"f":{"0":0,"1":27,"2":6,"3":7,"4":0,"5":0,"6":0},"b":{"0":[1]}}
,"/Users/patea/2026/projects/universal-mfe-yarn-seed/packages/shared-auth-store/src/store.ts": {"path":"/Users/patea/2026/projects/universal-mfe-yarn-seed/packages/shared-auth-store/src/store.ts","statementMap":{"0":{"start":{"line":13,"column":0},"end":{"line":13,"column":33}},"1":{"start":{"line":14,"column":0},"end":{"line":14,"column":68}},"2":{"start":{"line":16,"column":0},"end":{"line":16,"column":54}},"3":{"start":{"line":21,"column":25},"end":{"line":21,"column":48}},"4":{"start":{"line":47,"column":2},"end":{"line":53,"column":3}},"5":{"start":{"line":48,"column":22},"end":{"line":48,"column":76}},"6":{"start":{"line":49,"column":4},"end":{"line":49,"column":29}},"7":{"start":{"line":51,"column":4},"end":{"line":51,"column":65}},"8":{"start":{"line":52,"column":4},"end":{"line":52,"column":16}},"9":{"start":{"line":60,"column":2},"end":{"line":68,"column":3}},"10":{"start":{"line":61,"column":4},"end":{"line":65,"column":5}},"11":{"start":{"line":62,"column":6},"end":{"line":62,"column":48}},"12":{"start":{"line":64,"column":6},"end":{"line":64,"column":49}},"13":{"start":{"line":67,"column":4},"end":{"line":67,"column":58}},"14":{"start":{"line":74,"column":13},"end":{"line":221,"column":4}},"15":{"start":{"line":74,"column":61},"end":{"line":221,"column":2}},"16":{"start":{"line":83,"column":4},"end":{"line":83,"column":23}},"17":{"start":{"line":88,"column":4},"end":{"line":88,"column":19}},"18":{"start":{"line":93,"column":4},"end":{"line":93,"column":25}},"19":{"start":{"line":98,"column":18},"end":{"line":98,"column":23}},"20":{"start":{"line":101,"column":4},"end":{"line":101,"column":23}},"21":{"start":{"line":102,"column":4},"end":{"line":102,"column":27}},"22":{"start":{"line":104,"column":4},"end":{"line":125,"column":5}},"23":{"start":{"line":106,"column":19},"end":{"line":106,"column":51}},"24":{"start":{"line":109,"column":6},"end":{"line":114,"column":9}},"25":{"start":{"line":117,"column":6},"end":{"line":117,"column":31}},"26":{"start":{"line":119,"column":27},"end":{"line":119,"column":82}},"27":{"start":{"line":120,"column":6},"end":{"line":123,"column":9}},"28":{"start":{"line":124,"column":6},"end":{"line":124,"column":18}},"29":{"start":{"line":130,"column":4},"end":{"line":134,"column":7}},"30":{"start":{"line":136,"column":4},"end":{"line":138,"column":7}},"31":{"start":{"line":137,"column":6},"end":{"line":137,"column":68}},"32":{"start":{"line":143,"column":18},"end":{"line":143,"column":23}},"33":{"start":{"line":146,"column":4},"end":{"line":146,"column":23}},"34":{"start":{"line":147,"column":4},"end":{"line":147,"column":27}},"35":{"start":{"line":149,"column":4},"end":{"line":170,"column":5}},"36":{"start":{"line":151,"column":19},"end":{"line":151,"column":52}},"37":{"start":{"line":154,"column":6},"end":{"line":159,"column":9}},"38":{"start":{"line":162,"column":6},"end":{"line":162,"column":31}},"39":{"start":{"line":164,"column":27},"end":{"line":164,"column":83}},"40":{"start":{"line":165,"column":6},"end":{"line":168,"column":9}},"41":{"start":{"line":169,"column":6},"end":{"line":169,"column":18}},"42":{"start":{"line":175,"column":18},"end":{"line":175,"column":23}},"43":{"start":{"line":176,"column":4},"end":{"line":176,"column":37}},"44":{"start":{"line":181,"column":18},"end":{"line":181,"column":23}},"45":{"start":{"line":182,"column":4},"end":{"line":184,"column":5}},"46":{"start":{"line":183,"column":6},"end":{"line":183,"column":19}},"47":{"start":{"line":185,"column":4},"end":{"line":185,"column":43}},"48":{"start":{"line":190,"column":18},"end":{"line":190,"column":23}},"49":{"start":{"line":191,"column":4},"end":{"line":191,"column":27}},"50":{"start":{"line":193,"column":4},"end":{"line":212,"column":5}},"51":{"start":{"line":194,"column":24},"end":{"line":194,"column":50}},"52":{"start":{"line":196,"column":6},"end":{"line":206,"column":7}},"53":{"start":{"line":197,"column":8},"end":{"line":201,"column":11}},"54":{"start":{"line":203,"column":8},"end":{"line":205,"column":11}},"55":{"start":{"line":208,"column":6},"end":{"line":208,"column":54}},"56":{"start":{"line":209,"column":6},"end":{"line":211,"column":9}},"57":{"start":{"line":217,"column":18},"end":{"line":217,"column":23}},"58":{"start":{"line":218,"column":4},"end":{"line":218,"column":19}},"59":{"start":{"line":219,"column":4},"end":{"line":219,"column":47}}},"fnMap":{"0":{"name":"loadPersistedState","decl":{"start":{"line":46,"column":15},"end":{"line":46,"column":33}},"loc":{"start":{"line":46,"column":33},"end":{"line":54,"column":1}}},"1":{"name":"persistState","decl":{"start":{"line":59,"column":15},"end":{"line":59,"column":27}},"loc":{"start":{"line":59,"column":45},"end":{"line":69,"column":1}}},"2":{"name":"(anonymous_2)","decl":{"start":{"line":74,"column":46},"end":{"line":74,"column":47}},"loc":{"start":{"line":74,"column":61},"end":{"line":221,"column":2}}},"3":{"name":"(anonymous_3)","decl":{"start":{"line":82,"column":14},"end":{"line":82,"column":15}},"loc":{"start":{"line":82,"column":37},"end":{"line":84,"column":3}}},"4":{"name":"(anonymous_4)","decl":{"start":{"line":87,"column":12},"end":{"line":87,"column":13}},"loc":{"start":{"line":87,"column":37},"end":{"line":89,"column":3}}},"5":{"name":"(anonymous_5)","decl":{"start":{"line":92,"column":14},"end":{"line":92,"column":17}},"loc":{"start":{"line":92,"column":19},"end":{"line":94,"column":3}}},"6":{"name":"(anonymous_6)","decl":{"start":{"line":97,"column":9},"end":{"line":97,"column":14}},"loc":{"start":{"line":97,"column":51},"end":{"line":126,"column":3}}},"7":{"name":"(anonymous_7)","decl":{"start":{"line":129,"column":10},"end":{"line":129,"column":13}},"loc":{"start":{"line":129,"column":15},"end":{"line":139,"column":3}}},"8":{"name":"(anonymous_8)","decl":{"start":{"line":136,"column":29},"end":{"line":136,"column":30}},"loc":{"start":{"line":136,"column":39},"end":{"line":138,"column":5}}},"9":{"name":"(anonymous_9)","decl":{"start":{"line":142,"column":10},"end":{"line":142,"column":15}},"loc":{"start":{"line":142,"column":52},"end":{"line":171,"column":3}}},"10":{"name":"(anonymous_10)","decl":{"start":{"line":174,"column":11},"end":{"line":174,"column":12}},"loc":{"start":{"line":174,"column":39},"end":{"line":177,"column":3}}},"11":{"name":"(anonymous_11)","decl":{"start":{"line":180,"column":14},"end":{"line":180,"column":15}},"loc":{"start":{"line":180,"column":45},"end":{"line":186,"column":3}}},"12":{"name":"(anonymous_12)","decl":{"start":{"line":189,"column":15},"end":{"line":189,"column":20}},"loc":{"start":{"line":189,"column":26},"end":{"line":213,"column":3}}},"13":{"name":"(anonymous_13)","decl":{"start":{"line":216,"column":16},"end":{"line":216,"column":21}},"loc":{"start":{"line":216,"column":27},"end":{"line":220,"column":3}}}},"branchMap":{"0":{"loc":{"start":{"line":49,"column":11},"end":{"line":49,"column":28}},"type":"binary-expr","locations":[{"start":{"line":49,"column":11},"end":{"line":49,"column":20}},{"start":{"line":49,"column":24},"end":{"line":49,"column":28}}]},"1":{"loc":{"start":{"line":61,"column":4},"end":{"line":65,"column":5}},"type":"if","locations":[{"start":{"line":61,"column":4},"end":{"line":65,"column":5}},{"start":{"line":63,"column":11},"end":{"line":65,"column":5}}]},"2":{"loc":{"start":{"line":119,"column":27},"end":{"line":119,"column":82}},"type":"cond-expr","locations":[{"start":{"line":119,"column":52},"end":{"line":119,"column":65}},{"start":{"line":119,"column":68},"end":{"line":119,"column":82}}]},"3":{"loc":{"start":{"line":164,"column":27},"end":{"line":164,"column":83}},"type":"cond-expr","locations":[{"start":{"line":164,"column":52},"end":{"line":164,"column":65}},{"start":{"line":164,"column":68},"end":{"line":164,"column":83}}]},"4":{"loc":{"start":{"line":182,"column":4},"end":{"line":184,"column":5}},"type":"if","locations":[{"start":{"line":182,"column":4},"end":{"line":184,"column":5}}]},"5":{"loc":{"start":{"line":196,"column":6},"end":{"line":206,"column":7}},"type":"if","locations":[{"start":{"line":196,"column":6},"end":{"line":206,"column":7}},{"start":{"line":202,"column":13},"end":{"line":206,"column":7}}]}},"s":{"0":2,"1":2,"2":2,"3":2,"4":2,"5":2,"6":2,"7":0,"8":0,"9":85,"10":85,"11":23,"12":62,"13":0,"14":2,"15":2,"16":30,"17":2,"18":27,"19":18,"20":18,"21":18,"22":18,"23":18,"24":16,"25":16,"26":2,"27":2,"28":2,"29":62,"30":62,"31":0,"32":8,"33":8,"34":8,"35":8,"36":8,"37":7,"38":7,"39":1,"40":1,"41":1,"42":3,"43":3,"44":3,"45":3,"46":1,"47":2,"48":2,"49":2,"50":2,"51":2,"52":2,"53":1,"54":1,"55":0,"56":0,"57":28,"58":28,"59":28},"f":{"0":2,"1":85,"2":2,"3":30,"4":2,"5":27,"6":18,"7":62,"8":0,"9":8,"10":3,"11":3,"12":2,"13":28},"b":{"0":[2,1],"1":[23,62],"2":[2,0],"3":[1,0],"4":[1],"5":[1,1]}}
,"/Users/patea/2026/projects/universal-mfe-yarn-seed/packages/shared-auth-store/src/types.ts": {"path":"/Users/patea/2026/projects/universal-mfe-yarn-seed/packages/shared-auth-store/src/types.ts","statementMap":{"0":{"start":{"line":10,"column":0},"end":{"line":10,"column":null}},"1":{"start":{"line":11,"column":2},"end":{"line":11,"column":null}},"2":{"start":{"line":12,"column":2},"end":{"line":12,"column":null}},"3":{"start":{"line":13,"column":2},"end":{"line":13,"column":null}}},"fnMap":{"0":{"name":"(anonymous_0)","decl":{"start":{"line":10,"column":0},"end":{"line":10,"column":12}},"loc":{"start":{"line":10,"column":20},"end":{"line":14,"column":1}}}},"branchMap":{"0":{"loc":{"start":{"line":10,"column":12},"end":{"line":10,"column":null}},"type":"binary-expr","locations":[{"start":{"line":10,"column":12},"end":{"line":10,"column":20}},{"start":{"line":10,"column":20},"end":{"line":10,"column":null}}]}},"s":{"0":3,"1":3,"2":3,"3":3},"f":{"0":3},"b":{"0":[3,3]}}
}
