TN:
SF:src/authService.ts
FN:56,delay
FN:57,(anonymous_1)
FN:63,determineRole
FN:82,mockLogin
FN:109,mockSignup
FN:141,mockLogout
FNF:6
FNH:6
FNDA:45,delay
FNDA:45,(anonymous_1)
FNDA:16,determineRole
FNDA:25,mockLogin
FNDA:18,mockSignup
FNDA:2,mockLogout
DA:16,3
DA:22,3
DA:57,45
DA:64,16
DA:65,16
DA:66,3
DA:68,13
DA:69,2
DA:71,11
DA:82,3
DA:84,25
DA:87,25
DA:89,25
DA:90,4
DA:93,21
DA:94,1
DA:98,20
DA:109,3
DA:111,18
DA:114,18
DA:115,2
DA:119,16
DA:127,16
DA:133,16
DA:141,3
DA:143,2
LF:26
LH:26
BRDA:56,0,0,0
BRDA:65,1,0,3
BRDA:68,2,0,2
BRDA:89,3,0,4
BRDA:93,4,0,1
BRDA:114,5,0,2
BRF:6
BRH:5
end_of_record
TN:
SF:src/index.ts
FN:32,(anonymous_0)
FN:46,(anonymous_1)
FN:71,hasRole
FN:95,hasAnyRole
FN:123,(anonymous_4)
FN:123,(anonymous_5)
FN:123,(anonymous_6)
FNF:7
FNH:3
FNDA:0,(anonymous_0)
FNDA:27,(anonymous_1)
FNDA:6,hasRole
FNDA:7,hasAnyRole
FNDA:0,(anonymous_4)
FNDA:0,(anonymous_5)
FNDA:0,(anonymous_6)
DA:32,1
DA:46,28
DA:71,1
DA:72,6
DA:95,1
DA:99,7
DA:100,1
DA:102,6
DA:123,1
LF:9
LH:9
BRDA:99,0,0,1
BRF:1
BRH:1
end_of_record
TN:
SF:src/store.ts
FN:46,loadPersistedState
FN:59,persistState
FN:74,(anonymous_2)
FN:82,(anonymous_3)
FN:87,(anonymous_4)
FN:92,(anonymous_5)
FN:97,(anonymous_6)
FN:129,(anonymous_7)
FN:136,(anonymous_8)
FN:142,(anonymous_9)
FN:174,(anonymous_10)
FN:180,(anonymous_11)
FN:189,(anonymous_12)
FN:216,(anonymous_13)
FNF:14
FNH:13
FNDA:2,loadPersistedState
FNDA:85,persistState
FNDA:2,(anonymous_2)
FNDA:30,(anonymous_3)
FNDA:2,(anonymous_4)
FNDA:27,(anonymous_5)
FNDA:18,(anonymous_6)
FNDA:62,(anonymous_7)
FNDA:0,(anonymous_8)
FNDA:8,(anonymous_9)
FNDA:3,(anonymous_10)
FNDA:3,(anonymous_11)
FNDA:2,(anonymous_12)
FNDA:28,(anonymous_13)
DA:13,2
DA:14,2
DA:16,2
DA:21,2
DA:47,2
DA:48,2
DA:49,2
DA:51,0
DA:52,0
DA:60,85
DA:61,85
DA:62,23
DA:64,62
DA:67,0
DA:74,2
DA:83,30
DA:88,2
DA:93,27
DA:98,18
DA:101,18
DA:102,18
DA:104,18
DA:106,18
DA:109,16
DA:117,16
DA:119,2
DA:120,2
DA:124,2
DA:130,62
DA:136,62
DA:137,0
DA:143,8
DA:146,8
DA:147,8
DA:149,8
DA:151,8
DA:154,7
DA:162,7
DA:164,1
DA:165,1
DA:169,1
DA:175,3
DA:176,3
DA:181,3
DA:182,3
DA:183,1
DA:185,2
DA:190,2
DA:191,2
DA:193,2
DA:194,2
DA:196,2
DA:197,1
DA:203,1
DA:208,0
DA:209,0
DA:217,28
DA:218,28
DA:219,28
LF:59
LH:53
BRDA:49,0,0,2
BRDA:49,0,1,1
BRDA:61,1,0,23
BRDA:61,1,1,62
BRDA:119,2,0,2
BRDA:119,2,1,0
BRDA:164,3,0,1
BRDA:164,3,1,0
BRDA:182,4,0,1
BRDA:196,5,0,1
BRDA:196,5,1,1
BRF:11
BRH:9
end_of_record
TN:
SF:src/types.ts
FN:10,(anonymous_0)
FNF:1
FNH:1
FNDA:3,(anonymous_0)
DA:10,3
DA:11,3
DA:12,3
DA:13,3
LF:4
LH:4
BRDA:10,0,0,3
BRDA:10,0,1,3
BRF:2
BRH:2
end_of_record
