{"/Users/patea/2026/projects/universal-mfe-yarn-seed/packages/mobile-host/src/App.tsx": {"path":"/Users/patea/2026/projects/universal-mfe-yarn-seed/packages/mobile-host/src/App.tsx","statementMap":{"0":{"start":{"line":10,"column":0},"end":{"line":10,"column":40}},"1":{"start":{"line":11,"column":0},"end":{"line":11,"column":null}},"2":{"start":{"line":19,"column":0},"end":{"line":19,"column":68}},"3":{"start":{"line":24,"column":22},"end":{"line":34,"column":1}},"4":{"start":{"line":25,"column":2},"end":{"line":31,"column":3}},"5":{"start":{"line":26,"column":4},"end":{"line":30,"column":32}},"6":{"start":{"line":33,"column":2},"end":{"line":33,"column":33}},"7":{"start":{"line":36,"column":0},"end":{"line":70,"column":3}},"8":{"start":{"line":37,"column":2},"end":{"line":37,"column":64}},"9":{"start":{"line":39,"column":22},"end":{"line":39,"column":37}},"10":{"start":{"line":42,"column":2},"end":{"line":46,"column":3}},"11":{"start":{"line":43,"column":16},"end":{"line":43,"column":64}},"12":{"start":{"line":44,"column":4},"end":{"line":44,"column":79}},"13":{"start":{"line":45,"column":4},"end":{"line":45,"column":19}},"14":{"start":{"line":49,"column":2},"end":{"line":56,"column":3}},"15":{"start":{"line":50,"column":16},"end":{"line":50,"column":71}},"16":{"start":{"line":51,"column":4},"end":{"line":54,"column":6}},"17":{"start":{"line":55,"column":4},"end":{"line":55,"column":19}},"18":{"start":{"line":59,"column":2},"end":{"line":67,"column":3}},"19":{"start":{"line":60,"column":16},"end":{"line":60,"column":51}},"20":{"start":{"line":61,"column":4},"end":{"line":65,"column":6}},"21":{"start":{"line":66,"column":4},"end":{"line":66,"column":19}},"22":{"start":{"line":69,"column":2},"end":{"line":69,"column":51}},"23":{"start":{"line":80,"column":28},"end":{"line":85,"column":4}},"24":{"start":{"line":87,"column":21},"end":{"line":117,"column":3}},"25":{"start":{"line":88,"column":4},"end":{"line":88,"column":66}},"26":{"start":{"line":88,"column":24},"end":{"line":88,"column":63}},"27":{"start":{"line":90,"column":4},"end":{"line":116,"column":5}},"28":{"start":{"line":92,"column":6},"end":{"line":92,"column":63}},"29":{"start":{"line":95,"column":27},"end":{"line":98,"column":null}},"30":{"start":{"line":102,"column":26},"end":{"line":102,"column":62}},"31":{"start":{"line":104,"column":6},"end":{"line":108,"column":10}},"32":{"start":{"line":104,"column":26},"end":{"line":108,"column":8}},"33":{"start":{"line":110,"column":6},"end":{"line":110,"column":53}},"34":{"start":{"line":111,"column":6},"end":{"line":115,"column":10}},"35":{"start":{"line":111,"column":26},"end":{"line":115,"column":8}},"36":{"start":{"line":119,"column":28},"end":{"line":122,"column":3}},"37":{"start":{"line":120,"column":4},"end":{"line":120,"column":71}},"38":{"start":{"line":120,"column":24},"end":{"line":120,"column":68}},"39":{"start":{"line":121,"column":4},"end":{"line":121,"column":64}},"40":{"start":{"line":124,"column":22},"end":{"line":124,"column":43}},"41":{"start":{"line":126,"column":2},"end":{"line":186,"column":4}},"42":{"start":{"line":189,"column":15},"end":{"line":276,"column":2}},"43":{"start":{"line":278,"column":0},"end":{"line":278,"column":19}}},"fnMap":{"0":{"name":"(anonymous_0)","decl":{"start":{"line":24,"column":22},"end":{"line":24,"column":25}},"loc":{"start":{"line":24,"column":27},"end":{"line":34,"column":1}}},"1":{"name":"(anonymous_1)","decl":{"start":{"line":36,"column":33},"end":{"line":36,"column":38}},"loc":{"start":{"line":36,"column":60},"end":{"line":70,"column":1}}},"2":{"name":"App","decl":{"start":{"line":79,"column":9},"end":{"line":79,"column":12}},"loc":{"start":{"line":79,"column":12},"end":{"line":187,"column":1}}},"3":{"name":"(anonymous_3)","decl":{"start":{"line":87,"column":21},"end":{"line":87,"column":26}},"loc":{"start":{"line":87,"column":32},"end":{"line":117,"column":3}}},"4":{"name":"(anonymous_4)","decl":{"start":{"line":88,"column":13},"end":{"line":88,"column":14}},"loc":{"start":{"line":88,"column":24},"end":{"line":88,"column":63}}},"5":{"name":"(anonymous_5)","decl":{"start":{"line":104,"column":15},"end":{"line":104,"column":16}},"loc":{"start":{"line":104,"column":26},"end":{"line":108,"column":8}}},"6":{"name":"(anonymous_6)","decl":{"start":{"line":111,"column":15},"end":{"line":111,"column":16}},"loc":{"start":{"line":111,"column":26},"end":{"line":115,"column":8}}},"7":{"name":"(anonymous_7)","decl":{"start":{"line":119,"column":28},"end":{"line":119,"column":31}},"loc":{"start":{"line":119,"column":33},"end":{"line":122,"column":3}}},"8":{"name":"(anonymous_8)","decl":{"start":{"line":120,"column":13},"end":{"line":120,"column":14}},"loc":{"start":{"line":120,"column":24},"end":{"line":120,"column":68}}}},"branchMap":{"0":{"loc":{"start":{"line":25,"column":2},"end":{"line":31,"column":3}},"type":"if","locations":[{"start":{"line":25,"column":2},"end":{"line":31,"column":3}}]},"1":{"loc":{"start":{"line":25,"column":6},"end":{"line":25,"column":29}},"type":"binary-expr","locations":[{"start":{"line":25,"column":6},"end":{"line":25,"column":14}},{"start":{"line":25,"column":18},"end":{"line":25,"column":29}}]},"2":{"loc":{"start":{"line":26,"column":11},"end":{"line":30,"column":31}},"type":"cond-expr","locations":[{"start":{"line":28,"column":8},"end":{"line":28,"column":30}},{"start":{"line":30,"column":8},"end":{"line":30,"column":31}}]},"3":{"loc":{"start":{"line":42,"column":2},"end":{"line":46,"column":3}},"type":"if","locations":[{"start":{"line":42,"column":2},"end":{"line":46,"column":3}}]},"4":{"loc":{"start":{"line":49,"column":2},"end":{"line":56,"column":3}},"type":"if","locations":[{"start":{"line":49,"column":2},"end":{"line":56,"column":3}}]},"5":{"loc":{"start":{"line":59,"column":2},"end":{"line":67,"column":3}},"type":"if","locations":[{"start":{"line":59,"column":2},"end":{"line":67,"column":3}}]},"6":{"loc":{"start":{"line":102,"column":26},"end":{"line":102,"column":62}},"type":"binary-expr","locations":[{"start":{"line":102,"column":26},"end":{"line":102,"column":46}},{"start":{"line":102,"column":50},"end":{"line":102,"column":62}}]},"7":{"loc":{"start":{"line":114,"column":15},"end":{"line":114,"column":71}},"type":"cond-expr","locations":[{"start":{"line":114,"column":40},"end":{"line":114,"column":53}},{"start":{"line":114,"column":56},"end":{"line":114,"column":71}}]},"8":{"loc":{"start":{"line":136,"column":9},"end":{"line":142,"column":null}},"type":"binary-expr","locations":[{"start":{"line":136,"column":9},"end":{"line":136,"column":21}},{"start":{"line":136,"column":25},"end":{"line":136,"column":39}},{"start":{"line":137,"column":10},"end":{"line":141,"column":null}}]},"9":{"loc":{"start":{"line":145,"column":9},"end":{"line":152,"column":null}},"type":"binary-expr","locations":[{"start":{"line":145,"column":9},"end":{"line":145,"column":22}},{"start":{"line":146,"column":10},"end":{"line":151,"column":null}}]},"10":{"loc":{"start":{"line":155,"column":9},"end":{"line":164,"column":null}},"type":"binary-expr","locations":[{"start":{"line":155,"column":9},"end":{"line":155,"column":20}},{"start":{"line":156,"column":10},"end":{"line":163,"column":null}}]},"11":{"loc":{"start":{"line":167,"column":9},"end":{"line":173,"column":null}},"type":"binary-expr","locations":[{"start":{"line":167,"column":9},"end":{"line":167,"column":20}},{"start":{"line":168,"column":10},"end":{"line":172,"column":null}}]},"12":{"loc":{"start":{"line":176,"column":9},"end":{"line":182,"column":null}},"type":"binary-expr","locations":[{"start":{"line":176,"column":9},"end":{"line":176,"column":29}},{"start":{"line":177,"column":10},"end":{"line":181,"column":null}}]},"13":{"loc":{"start":{"line":180,"column":15},"end":{"line":180,"column":48}},"type":"cond-expr","locations":[{"start":{"line":180,"column":40},"end":{"line":180,"column":43}},{"start":{"line":180,"column":46},"end":{"line":180,"column":48}}]}},"s":{"0":1,"1":1,"2":1,"3":1,"4":0,"5":0,"6":0,"7":1,"8":0,"9":0,"10":0,"11":0,"12":0,"13":0,"14":0,"15":0,"16":0,"17":0,"18":0,"19":0,"20":0,"21":0,"22":0,"23":3,"24":3,"25":0,"26":0,"27":0,"28":0,"29":0,"30":0,"31":0,"32":0,"33":0,"34":0,"35":0,"36":3,"37":0,"38":0,"39":0,"40":3,"41":3,"42":1,"43":1},"f":{"0":0,"1":0,"2":3,"3":0,"4":0,"5":0,"6":0,"7":0,"8":0},"b":{"0":[0],"1":[0,0],"2":[0,0],"3":[0],"4":[0],"5":[0],"6":[0,0],"7":[0,0],"8":[3,3,3],"9":[3,0],"10":[3,0],"11":[3,0],"12":[3,0],"13":[0,0]}}
}
