TN:
SF:src/App.tsx
FN:24,(anonymous_0)
FN:36,(anonymous_1)
FN:79,App
FN:87,(anonymous_3)
FN:88,(anonymous_4)
FN:104,(anonymous_5)
FN:111,(anonymous_6)
FN:119,(anonymous_7)
FN:120,(anonymous_8)
FNF:9
FNH:1
FNDA:0,(anonymous_0)
FNDA:0,(anonymous_1)
FNDA:3,App
FNDA:0,(anonymous_3)
FNDA:0,(anonymous_4)
FNDA:0,(anonymous_5)
FNDA:0,(anonymous_6)
FNDA:0,(anonymous_7)
FNDA:0,(anonymous_8)
DA:10,1
DA:11,1
DA:19,1
DA:24,1
DA:25,0
DA:26,0
DA:33,0
DA:36,1
DA:37,0
DA:39,0
DA:42,0
DA:43,0
DA:44,0
DA:45,0
DA:49,0
DA:50,0
DA:51,0
DA:55,0
DA:59,0
DA:60,0
DA:61,0
DA:66,0
DA:69,0
DA:80,3
DA:87,3
DA:88,0
DA:90,0
DA:92,0
DA:95,0
DA:102,0
DA:104,0
DA:110,0
DA:111,0
DA:119,3
DA:120,0
DA:121,0
DA:124,3
DA:126,3
DA:189,1
DA:278,1
LF:40
LH:12
BRDA:25,0,0,0
BRDA:25,1,0,0
BRDA:25,1,1,0
BRDA:26,2,0,0
BRDA:26,2,1,0
BRDA:42,3,0,0
BRDA:49,4,0,0
BRDA:59,5,0,0
BRDA:102,6,0,0
BRDA:102,6,1,0
BRDA:114,7,0,0
BRDA:114,7,1,0
BRDA:136,8,0,3
BRDA:136,8,1,3
BRDA:136,8,2,3
BRDA:145,9,0,3
BRDA:145,9,1,0
BRDA:155,10,0,3
BRDA:155,10,1,0
BRDA:167,11,0,3
BRDA:167,11,1,0
BRDA:176,12,0,3
BRDA:176,12,1,0
BRDA:180,13,0,0
BRDA:180,13,1,0
BRF:25
BRH:7
end_of_record
